{"E:\\TL\\JS\\02_JSTesting\\Learning_JTEST\\src\\trimSpace.js": {"path":"E:\\TL\\JS\\02_JSTesting\\Learning_JTEST\\src\\trimSpace.js","statementMap":{"0":{"start":{"line":1,"column":25},"end":{"line":4,"column":1}},"1":{"start":{"line":2,"column":2},"end":{"line":2,"column":60}},"2":{"start":{"line":2,"column":27},"end":{"line":2,"column":60}},"3":{"start":{"line":3,"column":2},"end":{"line":3,"column":39}},"4":{"start":{"line":3,"column":25},"end":{"line":3,"column":38}}},"fnMap":{"0":{"name":"(anonymous_0)","decl":{"start":{"line":1,"column":25},"end":{"line":1,"column":26}},"loc":{"start":{"line":1,"column":32},"end":{"line":4,"column":1}},"line":1},"1":{"name":"(anonymous_1)","decl":{"start":{"line":3,"column":20},"end":{"line":3,"column":21}},"loc":{"start":{"line":3,"column":25},"end":{"line":3,"column":38}},"line":3}},"branchMap":{"0":{"loc":{"start":{"line":2,"column":2},"end":{"line":2,"column":60}},"type":"if","locations":[{"start":{"line":2,"column":2},"end":{"line":2,"column":60}},{"start":{},"end":{}}],"line":2},"1":{"loc":{"start":{"line":3,"column":25},"end":{"line":3,"column":38}},"type":"binary-expr","locations":[{"start":{"line":3,"column":25},"end":{"line":3,"column":26}},{"start":{"line":3,"column":30},"end":{"line":3,"column":38}}],"line":3}},"s":{"0":1,"1":2,"2":1,"3":1,"4":7},"f":{"0":2,"1":7},"b":{"0":[1,1],"1":[7,4]},"_coverageSchema":"1a1c01bbd47fc00a2c39e90264f33305004495a9","hash":"a584c7a4944eb81c134ae52d1421cb32bab084e7"}
}
